<?xml version="1.0" encoding="UTF-8"?>
<!-- Generated by org.testng.reporters.JUnitReportReporter -->
<testsuite skipped="0" hostname="EG-HABDELSAMAD-MAC.local" name="ToDo_Android" tests="2" failures="0" timestamp="25 Aug 2022 09:57:25 GMT" time="36.110" errors="0">
  <testcase name="test_add_task" time="18.250" classname="ToDo_Android"/>
  <testcase name="test_add_task" time="17.860" classname="ToDo_Android"/>
</testsuite> <!-- ToDo_Android -->
