<?xml version="1.0" encoding="UTF-8"?>
<!-- Generated by org.testng.reporters.JUnitReportReporter -->
<testsuite skipped="0" hostname="EG-HABDELSAMAD-MAC.local" name="ToDo_Android" tests="2" failures="0" timestamp="25 Aug 2022 10:41:36 GMT" time="44.716" errors="0">
  <testcase name="test_add_task" time="23.163" classname="ToDo_Android"/>
  <testcase name="test_add_task" time="21.553" classname="ToDo_Android"/>
</testsuite> <!-- ToDo_Android -->
